2024-02-20 11:08:49,500 - __main__ - INFO - Message from 6949367260: {'content_type': 'text', 'id': 31, 'message_id': 31, 'from_user': {'id': 6949367260, 'is_bot': False, 'first_name': 'bii', 'username': None, 'last_name': 'bon', 'language_code': 'en', 'can_join_groups': None, 'can_read_all_group_messages': None, 'supports_inline_queries': None, 'is_premium': None, 'added_to_attachment_menu': None}, 'date': 1708402127, 'chat': {'id': 6949367260, 'type': 'private', 'title': None, 'username': None, 'first_name': 'bii', 'last_name': 'bon', 'is_forum': None, 'photo': None, 'bio': None, 'join_to_send_messages': None, 'join_by_request': None, 'has_private_forwards': None, 'has_restricted_voice_and_video_messages': None, 'description': None, 'invite_link': None, 'pinned_message': None, 'permissions': None, 'slow_mode_delay': None, 'message_auto_delete_time': None, 'has_protected_content': None, 'sticker_set_name': None, 'can_set_sticker_set': None, 'linked_chat_id': None, 'location': None, 'active_usernames': None, 'emoji_status_custom_emoji_id': None, 'has_hidden_members': None, 'has_aggressive_anti_spam_enabled': None, 'emoji_status_expiration_date': None, 'available_reactions': None, 'accent_color_id': None, 'background_custom_emoji_id': None, 'profile_accent_color_id': None, 'profile_background_custom_emoji_id': None, 'has_visible_history': None, 'unrestrict_boost_count': None, 'custom_emoji_sticker_set_name': None}, 'sender_chat': None, 'is_automatic_forward': None, 'reply_to_message': None, 'via_bot': None, 'edit_date': None, 'has_protected_content': None, 'media_group_id': None, 'author_signature': None, 'text': 'l', 'entities': None, 'caption_entities': None, 'audio': None, 'document': None, 'photo': None, 'sticker': None, 'video': None, 'video_note': None, 'voice': None, 'caption': None, 'contact': None, 'location': None, 'venue': None, 'animation': None, 'dice': None, 'new_chat_members': None, 'left_chat_member': None, 'new_chat_title': None, 'new_chat_photo': None, 'delete_chat_photo': None, 'group_chat_created': None, 'supergroup_chat_created': None, 'channel_chat_created': None, 'migrate_to_chat_id': None, 'migrate_from_chat_id': None, 'pinned_message': None, 'invoice': None, 'successful_payment': None, 'connected_website': None, 'reply_markup': None, 'message_thread_id': None, 'is_topic_message': None, 'forum_topic_created': None, 'forum_topic_closed': None, 'forum_topic_reopened': None, 'has_media_spoiler': None, 'forum_topic_edited': None, 'general_forum_topic_hidden': None, 'general_forum_topic_unhidden': None, 'write_access_allowed': None, 'users_shared': None, 'chat_shared': None, 'story': None, 'external_reply': None, 'quote': None, 'link_preview_options': None, 'giveaway_created': None, 'giveaway': None, 'giveaway_winners': None, 'giveaway_completed': None, 'forward_origin': None, 'boost_added': None, 'sender_boost_count': None, 'reply_to_story': None, 'json': {'message_id': 31, 'from': {'id': 6949367260, 'is_bot': False, 'first_name': 'bii', 'last_name': 'bon', 'language_code': 'en'}, 'chat': {'id': 6949367260, 'first_name': 'bii', 'last_name': 'bon', 'type': 'private'}, 'date': 1708402127, 'text': 'l'}}
2024-02-20 11:14:47,745 - TeleBot - ERROR - Infinity polling: polling exited
2024-02-20 11:14:47,745 - TeleBot - ERROR - Break infinity polling
2024-02-20 11:14:54,189 - __main__ - INFO - Message from 6949367260: {'content_type': 'text', 'id': 33, 'message_id': 33, 'from_user': {'id': 6949367260, 'is_bot': False, 'first_name': 'bii', 'username': None, 'last_name': 'bon', 'language_code': 'en', 'can_join_groups': None, 'can_read_all_group_messages': None, 'supports_inline_queries': None, 'is_premium': None, 'added_to_attachment_menu': None}, 'date': 1708402492, 'chat': {'id': 6949367260, 'type': 'private', 'title': None, 'username': None, 'first_name': 'bii', 'last_name': 'bon', 'is_forum': None, 'photo': None, 'bio': None, 'join_to_send_messages': None, 'join_by_request': None, 'has_private_forwards': None, 'has_restricted_voice_and_video_messages': None, 'description': None, 'invite_link': None, 'pinned_message': None, 'permissions': None, 'slow_mode_delay': None, 'message_auto_delete_time': None, 'has_protected_content': None, 'sticker_set_name': None, 'can_set_sticker_set': None, 'linked_chat_id': None, 'location': None, 'active_usernames': None, 'emoji_status_custom_emoji_id': None, 'has_hidden_members': None, 'has_aggressive_anti_spam_enabled': None, 'emoji_status_expiration_date': None, 'available_reactions': None, 'accent_color_id': None, 'background_custom_emoji_id': None, 'profile_accent_color_id': None, 'profile_background_custom_emoji_id': None, 'has_visible_history': None, 'unrestrict_boost_count': None, 'custom_emoji_sticker_set_name': None}, 'sender_chat': None, 'is_automatic_forward': None, 'reply_to_message': None, 'via_bot': None, 'edit_date': None, 'has_protected_content': None, 'media_group_id': None, 'author_signature': None, 'text': '1', 'entities': None, 'caption_entities': None, 'audio': None, 'document': None, 'photo': None, 'sticker': None, 'video': None, 'video_note': None, 'voice': None, 'caption': None, 'contact': None, 'location': None, 'venue': None, 'animation': None, 'dice': None, 'new_chat_members': None, 'left_chat_member': None, 'new_chat_title': None, 'new_chat_photo': None, 'delete_chat_photo': None, 'group_chat_created': None, 'supergroup_chat_created': None, 'channel_chat_created': None, 'migrate_to_chat_id': None, 'migrate_from_chat_id': None, 'pinned_message': None, 'invoice': None, 'successful_payment': None, 'connected_website': None, 'reply_markup': None, 'message_thread_id': None, 'is_topic_message': None, 'forum_topic_created': None, 'forum_topic_closed': None, 'forum_topic_reopened': None, 'has_media_spoiler': None, 'forum_topic_edited': None, 'general_forum_topic_hidden': None, 'general_forum_topic_unhidden': None, 'write_access_allowed': None, 'users_shared': None, 'chat_shared': None, 'story': None, 'external_reply': None, 'quote': None, 'link_preview_options': None, 'giveaway_created': None, 'giveaway': None, 'giveaway_winners': None, 'giveaway_completed': None, 'forward_origin': None, 'boost_added': None, 'sender_boost_count': None, 'reply_to_story': None, 'json': {'message_id': 33, 'from': {'id': 6949367260, 'is_bot': False, 'first_name': 'bii', 'last_name': 'bon', 'language_code': 'en'}, 'chat': {'id': 6949367260, 'first_name': 'bii', 'last_name': 'bon', 'type': 'private'}, 'date': 1708402492, 'text': '1'}}
2024-02-20 11:16:15,958 - TeleBot - ERROR - Infinity polling: polling exited
2024-02-20 11:16:15,959 - TeleBot - ERROR - Break infinity polling
2024-02-20 13:20:59,167 - TeleBot - ERROR - Infinity polling exception: HTTPSConnectionPool(host='api.telegram.org', port=443): Read timed out. (read timeout=25)
2024-02-20 13:20:59,169 - TeleBot - ERROR - Exception traceback:
Traceback (most recent call last):
  File "/home/biibon/python/venv/lib/python3.10/site-packages/urllib3/connectionpool.py", line 537, in _make_request
    response = conn.getresponse()
  File "/home/biibon/python/venv/lib/python3.10/site-packages/urllib3/connection.py", line 466, in getresponse
    httplib_response = super().getresponse()
  File "/usr/lib/python3.10/http/client.py", line 1375, in getresponse
    response.begin()
  File "/usr/lib/python3.10/http/client.py", line 318, in begin
    version, status, reason = self._read_status()
  File "/usr/lib/python3.10/http/client.py", line 279, in _read_status
    line = str(self.fp.readline(_MAXLINE + 1), "iso-8859-1")
  File "/usr/lib/python3.10/socket.py", line 705, in readinto
    return self._sock.recv_into(b)
  File "/usr/lib/python3.10/ssl.py", line 1303, in recv_into
    return self.read(nbytes, buffer)
  File "/usr/lib/python3.10/ssl.py", line 1159, in read
    return self._sslobj.read(len, buffer)
TimeoutError: The read operation timed out

The above exception was the direct cause of the following exception:

Traceback (most recent call last):
  File "/home/biibon/python/venv/lib/python3.10/site-packages/requests/adapters.py", line 486, in send
    resp = conn.urlopen(
  File "/home/biibon/python/venv/lib/python3.10/site-packages/urllib3/connectionpool.py", line 847, in urlopen
    retries = retries.increment(
  File "/home/biibon/python/venv/lib/python3.10/site-packages/urllib3/util/retry.py", line 470, in increment
    raise reraise(type(error), error, _stacktrace)
  File "/home/biibon/python/venv/lib/python3.10/site-packages/urllib3/util/util.py", line 39, in reraise
    raise value
  File "/home/biibon/python/venv/lib/python3.10/site-packages/urllib3/connectionpool.py", line 793, in urlopen
    response = self._make_request(
  File "/home/biibon/python/venv/lib/python3.10/site-packages/urllib3/connectionpool.py", line 539, in _make_request
    self._raise_timeout(err=e, url=url, timeout_value=read_timeout)
  File "/home/biibon/python/venv/lib/python3.10/site-packages/urllib3/connectionpool.py", line 370, in _raise_timeout
    raise ReadTimeoutError(
urllib3.exceptions.ReadTimeoutError: HTTPSConnectionPool(host='api.telegram.org', port=443): Read timed out. (read timeout=25)

During handling of the above exception, another exception occurred:

Traceback (most recent call last):
  File "/home/biibon/python/venv/lib/python3.10/site-packages/telebot/__init__.py", line 1016, in infinity_polling
    self.polling(non_stop=True, timeout=timeout, long_polling_timeout=long_polling_timeout,
  File "/home/biibon/python/venv/lib/python3.10/site-packages/telebot/__init__.py", line 1104, in polling
    self.__threaded_polling(non_stop=non_stop, interval=interval, timeout=timeout, long_polling_timeout=long_polling_timeout,
  File "/home/biibon/python/venv/lib/python3.10/site-packages/telebot/__init__.py", line 1179, in __threaded_polling
    raise e
  File "/home/biibon/python/venv/lib/python3.10/site-packages/telebot/__init__.py", line 1140, in __threaded_polling
    polling_thread.raise_exceptions()
  File "/home/biibon/python/venv/lib/python3.10/site-packages/telebot/util.py", line 110, in raise_exceptions
    raise self.exception_info
  File "/home/biibon/python/venv/lib/python3.10/site-packages/telebot/util.py", line 92, in run
    task(*args, **kwargs)
  File "/home/biibon/python/venv/lib/python3.10/site-packages/telebot/__init__.py", line 661, in __retrieve_updates
    updates = self.get_updates(offset=(self.last_update_id + 1),
  File "/home/biibon/python/venv/lib/python3.10/site-packages/telebot/__init__.py", line 633, in get_updates
    json_updates = apihelper.get_updates(
  File "/home/biibon/python/venv/lib/python3.10/site-packages/telebot/apihelper.py", line 321, in get_updates
    return _make_request(token, method_url, params=payload)
  File "/home/biibon/python/venv/lib/python3.10/site-packages/telebot/apihelper.py", line 158, in _make_request
    result = _get_req_session().request(
  File "/home/biibon/python/venv/lib/python3.10/site-packages/requests/sessions.py", line 589, in request
    resp = self.send(prep, **send_kwargs)
  File "/home/biibon/python/venv/lib/python3.10/site-packages/requests/sessions.py", line 703, in send
    r = adapter.send(request, **kwargs)
  File "/home/biibon/python/venv/lib/python3.10/site-packages/requests/adapters.py", line 532, in send
    raise ReadTimeout(e, request=request)
requests.exceptions.ReadTimeout: HTTPSConnectionPool(host='api.telegram.org', port=443): Read timed out. (read timeout=25)

